iMPACT Version: 11.4

iMPACT log file Started on Mon Jun  1 11:44:05 2015

Welcome to iMPACT
iMPACT Version: 11.4
Project: /home/biscs1/praktika/bte5024-digital/mini_project/auto_project.ipfcreated.
// *** BATCH CMD : setMode -bs
// *** BATCH CMD : setMode -bs
// *** BATCH CMD : setMode -bs
// *** BATCH CMD : setMode -bs
GUI --- Auto connect to cable...
// *** BATCH CMD : setCable -port auto
AutoDetecting cable. Please wait.
PROGRESS_START - Starting Operation.
If you are using the Platform Cable USB, please refer to the USB CableInstallation Guide (UG344) to install the libusb package.
Connecting to cable (Usb Port - USB21).
Checking cable driver.
 Linux release = 2.6.32-gentoo-r5_xena.
WARNING:iMPACT -  Module windrvr6 is not loaded. Please reinstall the cable   drivers. See Answer Record 22648.
Cable connection failed.
Connecting to cable (Parallel Port - parport0).
 Linux release = 2.6.32-gentoo-r5_xena.
WARNING:iMPACT -  Module windrvr6 is not loaded. Please reinstall the cable   drivers. See Answer Record 22648.
 Linux release = 2.6.32-gentoo-r5_xena.
WARNING:iMPACT -  Module parport_pc is not loaded. Please reinstall the cable   drivers. See Answer Record 22648.
Cable connection failed.
Connecting to cable (Parallel Port - parport1).
 Linux release = 2.6.32-gentoo-r5_xena.
WARNING:iMPACT -  Module windrvr6 is not loaded. Please reinstall the cable   drivers. See Answer Record 22648.
 Linux release = 2.6.32-gentoo-r5_xena.
WARNING:iMPACT -  Module parport_pc is not loaded. Please reinstall the cable   drivers. See Answer Record 22648.
Cable connection failed.
Connecting to cable (Parallel Port - parport2).
 Linux release = 2.6.32-gentoo-r5_xena.
WARNING:iMPACT -  Module windrvr6 is not loaded. Please reinstall the cable   drivers. See Answer Record 22648.
 Linux release = 2.6.32-gentoo-r5_xena.
WARNING:iMPACT -  Module parport_pc is not loaded. Please reinstall the cable   drivers. See Answer Record 22648.
Cable connection failed.
Connecting to cable (Parallel Port - parport3).
 Linux release = 2.6.32-gentoo-r5_xena.
WARNING:iMPACT -  Module windrvr6 is not loaded. Please reinstall the cable   drivers. See Answer Record 22648.
 Linux release = 2.6.32-gentoo-r5_xena.
WARNING:iMPACT -  Module parport_pc is not loaded. Please reinstall the cable   drivers. See Answer Record 22648.
Cable connection failed.
PROGRESS_END - End Operation.
Elapsed time =      9 sec.
Cable autodetection failed.
WARNING:iMPACT:923 - Can not find cable, check cable setup !// *** BATCH CMD : addDevice -p 1 -file"/home/biscs1/praktika/bte5024-digital/mini_project/sandbox/bitgen/Top_level_entity.bit"
'1': Loading file'/home/biscs1/praktika/bte5024-digital/mini_project/sandbox/bitgen/Top_level_entity.bit' ...
done.
INFO:iMPACT:1777 - 
   Reading /opt/apps/Xilinx/11.1/ISE/spartan3a/data/xc3s200an.bsd...
Found sync word in bitstream.
INFO:iMPACT:501 - '1': Added Device xc3s200an successfully.
----------------------------------------------------------------------
----------------------------------------------------------------------
GUI --- Auto connect to cable...
// *** BATCH CMD : setCable -port auto
AutoDetecting cable. Please wait.
PROGRESS_START - Starting Operation.
Reusing A0011472 key.
Reusing 24011472 key.
If you are using the Platform Cable USB, please refer to the USB CableInstallation Guide (UG344) to install the libusb package.
Connecting to cable (Usb Port - USB21).
Checking cable driver.
 Linux release = 2.6.32-gentoo-r5_xena.
WARNING:iMPACT -  Module windrvr6 is not loaded. Please reinstall the cable   drivers. See Answer Record 22648.
Cable connection failed.
Reusing 78011472 key.
Reusing FC011472 key.
Connecting to cable (Parallel Port - parport0).
 Linux release = 2.6.32-gentoo-r5_xena.
WARNING:iMPACT -  Module windrvr6 is not loaded. Please reinstall the cable   drivers. See Answer Record 22648.
 Linux release = 2.6.32-gentoo-r5_xena.
WARNING:iMPACT -  Module parport_pc is not loaded. Please reinstall the cable   drivers. See Answer Record 22648.
Cable connection failed.
Reusing 79011472 key.
Reusing FD011472 key.
Connecting to cable (Parallel Port - parport1).
 Linux release = 2.6.32-gentoo-r5_xena.
WARNING:iMPACT -  Module windrvr6 is not loaded. Please reinstall the cable   drivers. See Answer Record 22648.
 Linux release = 2.6.32-gentoo-r5_xena.
WARNING:iMPACT -  Module parport_pc is not loaded. Please reinstall the cable   drivers. See Answer Record 22648.
Cable connection failed.
Reusing 7A011472 key.
Reusing FE011472 key.
Connecting to cable (Parallel Port - parport2).
 Linux release = 2.6.32-gentoo-r5_xena.
WARNING:iMPACT -  Module windrvr6 is not loaded. Please reinstall the cable   drivers. See Answer Record 22648.
 Linux release = 2.6.32-gentoo-r5_xena.
WARNING:iMPACT -  Module parport_pc is not loaded. Please reinstall the cable   drivers. See Answer Record 22648.
Cable connection failed.
Reusing 7B011472 key.
Reusing FF011472 key.
Connecting to cable (Parallel Port - parport3).
 Linux release = 2.6.32-gentoo-r5_xena.
WARNING:iMPACT -  Module windrvr6 is not loaded. Please reinstall the cable   drivers. See Answer Record 22648.
 Linux release = 2.6.32-gentoo-r5_xena.
WARNING:iMPACT -  Module parport_pc is not loaded. Please reinstall the cable   drivers. See Answer Record 22648.
Cable connection failed.
PROGRESS_END - End Operation.
Elapsed time =      9 sec.
Cable autodetection failed.
WARNING:iMPACT:923 - Can not find cable, check cable setup !Project: '/home/biscs1/praktika/bte5024-digital/mini_project/auto_project.ipf'created.
// *** BATCH CMD : setMode -bs
// *** BATCH CMD : setMode -bs
// *** BATCH CMD : setMode -ss
// *** BATCH CMD : setMode -sm
// *** BATCH CMD : setMode -hw140
// *** BATCH CMD : setMode -spi
// *** BATCH CMD : setMode -acecf
// *** BATCH CMD : setMode -acempm
// *** BATCH CMD : setMode -pff
// *** BATCH CMD : setMode -bs
// *** BATCH CMD : saveProjectFile -file"/home/biscs1/praktika/bte5024-digital/mini_project/auto_project.ipf"
// *** BATCH CMD : deleteDevice -position 1
